<?xml version="1.0" encoding="UTF-8"?>
<!-- Generated by org.testng.reporters.JUnitXMLReporter -->
<testsuite ignored="0" hostname="MIDL001670" failures="0" tests="3" name="Default test" time="57.903" errors="0" timestamp="07 Mar 2022 18:40:55 GMT">
  <testcase classname="Bank.BMX.Initialize" name="banamex" time="14.081"/>
  <testcase classname="Bank.BMX.Initialize" name="credentials" time="29.128"/>
  <testcase classname="Bank.BMX.Initialize" name="Login" time="6.233"/>
</testsuite> <!-- Default test -->
