<?xml version="1.0" encoding="UTF-8"?>
<testng-results ignored="0" total="3" passed="3" failed="0" skipped="0">
  <reporter-output>
  </reporter-output>
  <suite started-at="2022-03-07T18:39:56Z" name="Default suite" finished-at="2022-03-07T18:40:54Z" duration-ms="57903">
    <groups>
    </groups>
    <test started-at="2022-03-07T18:39:56Z" name="Default test" finished-at="2022-03-07T18:40:54Z" duration-ms="57903">
      <class name="Bank.BMX.Initialize">
        <test-method is-config="true" signature="Initialize()[pri:0, instance:Bank.BMX.Initialize@7fcf2fc1]" started-at="2022-03-07T18:39:56Z" name="Initialize" finished-at="2022-03-07T18:40:05Z" duration-ms="8416" status="PASS">
          <reporter-output>
          </reporter-output>
        </test-method> <!-- Initialize -->
        <test-method signature="banamex()[pri:0, instance:Bank.BMX.Initialize@7fcf2fc1]" started-at="2022-03-07T18:40:05Z" name="banamex" finished-at="2022-03-07T18:40:19Z" duration-ms="14081" status="PASS">
          <reporter-output>
          </reporter-output>
        </test-method> <!-- banamex -->
        <test-method signature="credentials()[pri:1, instance:Bank.BMX.Initialize@7fcf2fc1]" started-at="2022-03-07T18:40:19Z" name="credentials" finished-at="2022-03-07T18:40:48Z" duration-ms="29128" status="PASS">
          <reporter-output>
          </reporter-output>
        </test-method> <!-- credentials -->
        <test-method signature="Login()[pri:2, instance:Bank.BMX.Initialize@7fcf2fc1]" started-at="2022-03-07T18:40:48Z" name="Login" finished-at="2022-03-07T18:40:54Z" duration-ms="6233" status="PASS">
          <reporter-output>
          </reporter-output>
        </test-method> <!-- Login -->
      </class> <!-- Bank.BMX.Initialize -->
    </test> <!-- Default test -->
  </suite> <!-- Default suite -->
</testng-results>
